<?xml version="1.0" encoding="UTF-8"?>
<!-- Generated by org.testng.reporters.JUnitReportReporter -->
<testsuite hostname="CTS-QUA-6" name="Rater.General" tests="1" failures="0" timestamp="26 Oct 2017 10:49:47 GMT" time="23.444" errors="0">
  <testcase name="pieChartReport" time="23.444" classname="Rater.General"/>
</testsuite> <!-- Rater.General -->
