<?xml version="1.0" encoding="UTF-8"?>
<!-- Generated by org.testng.reporters.JUnitReportReporter -->
<testsuite hostname="CTS-QUA-6" name="Rater.Rater_Testing" tests="1" failures="0" timestamp="30 Oct 2017 09:42:39 GMT" time="1915.907" errors="0">
  <testcase name="Testing" time="1915.907" classname="Rater.Rater_Testing"/>
</testsuite> <!-- Rater.Rater_Testing -->
