<?xml version="1.0" encoding="UTF-8"?>
<!-- Generated by org.testng.reporters.JUnitReportReporter -->
<testsuite hostname="CTS-QUA-6" name="Rater.Request" tests="1" failures="0" timestamp="20 Oct 2017 08:33:41 GMT" time="1.235" errors="0">
  <testcase name="postRequest" time="1.235" classname="Rater.Request"/>
</testsuite> <!-- Rater.Request -->
