<?xml version="1.0" encoding="UTF-8"?>
<!-- Generated by org.testng.reporters.JUnitReportReporter -->
<testsuite hostname="CTS-QUA-6" name="Rater.RaterCalculations" tests="1" failures="0" timestamp="30 Oct 2017 10:01:10 GMT" time="14.859" errors="0">
  <testcase name="Test" time="14.859" classname="Rater.RaterCalculations"/>
</testsuite> <!-- Rater.RaterCalculations -->
