<?xml version="1.0" encoding="UTF-8"?>
<!-- Generated by org.testng.reporters.JUnitReportReporter -->
<testsuite skipped="0" hostname="CTSD006" name="LandingPage.GoToURL" tests="1" failures="0" timestamp="23 Nov 2018 15:54:45 GMT" time="10.815" errors="0">
  <testcase name="setUpBrowser" time="10.815" classname="LandingPage.GoToURL"/>
</testsuite> <!-- LandingPage.GoToURL -->
