<?xml version="1.0" encoding="UTF-8"?>
<!-- Generated by org.testng.reporters.JUnitReportReporter -->
<testsuite skipped="0" hostname="CTSD006" name="LandingPage.LoginInPPE" tests="2" failures="0" timestamp="19 Dec 2018 10:16:07 GMT" time="15.601" errors="0">
  <testcase name="verifyLogin" time="13.505" classname="LandingPage.LoginInPPE"/>
  <testcase name="closeBrowser" time="2.096" classname="LandingPage.LoginInPPE"/>
</testsuite> <!-- LandingPage.LoginInPPE -->
