<?xml version="1.0" encoding="UTF-8"?>
<!-- Generated by org.testng.reporters.JUnitReportReporter -->
<testsuite skipped="0" hostname="CTSD006" name="TestBase.ReadExcelData" tests="1" failures="0" timestamp="19 Dec 2018 10:16:07 GMT" time="0.020" errors="0">
  <testcase name="ProcessExcelData" time="0.020" classname="TestBase.ReadExcelData"/>
</testsuite> <!-- TestBase.ReadExcelData -->
