<?xml version="1.0" encoding="UTF-8"?>
<!-- Generated by org.testng.reporters.JUnitReportReporter -->
<testsuite skipped="0" hostname="CTS-QUA-4" name="TestNGOnePack.ClassOne" tests="1" failures="0" timestamp="20 Jul 2017 07:57:02 GMT" time="36.827" errors="0">
  <testcase name="testmethodone" time="36.827" classname="TestNGOnePack.ClassOne"/>
</testsuite> <!-- TestNGOnePack.ClassOne -->
