<?xml version="1.0" encoding="UTF-8"?>
<!-- Generated by org.testng.reporters.JUnitReportReporter -->
<testsuite skipped="0" hostname="CTSD006" name="testcase.Test99GuruLogin" tests="1" failures="0" timestamp="01 Oct 2018 06:32:50 GMT" time="4.818" errors="0">
  <testcase name="test_Home_Page_Appear_Correct" time="4.818" classname="testcase.Test99GuruLogin"/>
</testsuite> <!-- testcase.Test99GuruLogin -->
