<?xml version="1.0" encoding="UTF-8"?>
<!-- Generated by org.testng.reporters.JUnitReportReporter -->
<testsuite skipped="0" hostname="CTSD006" name="Testing.NewTest" tests="1" failures="0" timestamp="27 Sep 2018 11:30:00 GMT" time="15.171" errors="0">
  <testcase name="f" time="15.171" classname="Testing.NewTest"/>
</testsuite> <!-- Testing.NewTest -->
