<?xml version="1.0" encoding="UTF-8"?>
<!-- Generated by org.testng.reporters.JUnitReportReporter -->
<testsuite skipped="0" hostname="CTSD006" name="Testing.Windowhandled" tests="1" failures="0" timestamp="26 Sep 2018 14:37:50 GMT" time="10.099" errors="0">
  <testcase name="openMyBlog" time="10.099" classname="Testing.Windowhandled"/>
</testsuite> <!-- Testing.Windowhandled -->
