<?xml version="1.0" encoding="UTF-8"?>
<!-- Generated by org.testng.reporters.JUnitReportReporter -->
<testsuite hostname="CTSD006" name="PDFReaderTest" tests="1" failures="0" timestamp="27 Nov 2019 10:47:12 GMT" time="0.866" errors="0">
  <testcase name="ReadPDF" time="0.866" classname="PDFReaderTest"/>
</testsuite> <!-- PDFReaderTest -->
