<?xml version="1.0" encoding="UTF-8"?>
<!-- Generated by org.testng.reporters.JUnitReportReporter -->
<testsuite skipped="0" hostname="CTS-QUA-4" name="com.PPE.testcases.PPE_Address_Search" tests="1" failures="0" timestamp="05 Aug 2017 10:08:46 GMT" time="23.705" errors="0">
  <testcase name="verifyaddress" time="23.705" classname="com.PPE.testcases.PPE_Address_Search"/>
</testsuite> <!-- com.PPE.testcases.PPE_Address_Search -->
